<?xml version="1.0" encoding="UTF-8"?>
<testng-results skipped="0" failed="0" total="1" passed="1">
  <reporter-output>
  </reporter-output>
  <suite name="Default suite" duration-ms="46898" started-at="2020-12-09T06:05:16Z" finished-at="2020-12-09T06:06:03Z">
    <groups>
      <group name="cucumber">
        <method signature="AbstractTestNGCucumberTests.runScenario(cucumber.api.testng.PickleEventWrapper, cucumber.api.testng.CucumberFeatureWrapper)[pri:0, instance:Runners.TestRunners@43a25848]" name="runScenario" class="cucumber.api.testng.AbstractTestNGCucumberTests"/>
      </group> <!-- cucumber -->
    </groups>
    <test name="Default test" duration-ms="46898" started-at="2020-12-09T06:05:16Z" finished-at="2020-12-09T06:06:03Z">
      <class name="Runners.TestRunners">
        <test-method status="PASS" signature="setUpClass()[pri:0, instance:Runners.TestRunners@43a25848]" name="setUpClass" is-config="true" duration-ms="423" started-at="2020-12-09T11:35:16Z" finished-at="2020-12-09T11:35:17Z">
          <reporter-output>
          </reporter-output>
        </test-method> <!-- setUpClass -->
        <test-method status="PASS" signature="runScenario(cucumber.api.testng.PickleEventWrapper, cucumber.api.testng.CucumberFeatureWrapper)[pri:0, instance:Runners.TestRunners@43a25848]" name="runScenario" duration-ms="45884" started-at="2020-12-09T11:35:17Z" description="Runs Cucumber Scenarios" data-provider="scenarios" finished-at="2020-12-09T11:36:03Z">
          <params>
            <param index="0">
              <value>
                <![CDATA["? Successful login with valid login credentials"]]>
              </value>
            </param>
            <param index="1">
              <value>
                <![CDATA["Login Action"]]>
              </value>
            </param>
          </params>
          <reporter-output>
          </reporter-output>
        </test-method> <!-- runScenario -->
        <test-method status="PASS" signature="tearDownClass()[pri:0, instance:Runners.TestRunners@43a25848]" name="tearDownClass" is-config="true" duration-ms="400" started-at="2020-12-09T11:36:03Z" finished-at="2020-12-09T11:36:03Z">
          <reporter-output>
          </reporter-output>
        </test-method> <!-- tearDownClass -->
      </class> <!-- Runners.TestRunners -->
    </test> <!-- Default test -->
  </suite> <!-- Default suite -->
</testng-results>
