<?xml version="1.0" encoding="UTF-8"?>
<testng-results skipped="0" failed="0" total="1" passed="1">
  <reporter-output>
  </reporter-output>
  <suite name="Default suite" duration-ms="26650" started-at="2020-12-08T10:21:57Z" finished-at="2020-12-08T10:22:23Z">
    <groups>
      <group name="cucumber">
        <method signature="AbstractTestNGCucumberTests.feature(cucumber.api.testng.CucumberFeatureWrapper)[pri:0, instance:Runners.TestRunners@3498ed]" name="feature" class="cucumber.api.testng.AbstractTestNGCucumberTests"/>
      </group> <!-- cucumber -->
    </groups>
    <test name="Default test" duration-ms="26650" started-at="2020-12-08T10:21:57Z" finished-at="2020-12-08T10:22:23Z">
      <class name="Runners.TestRunners">
        <test-method status="PASS" signature="setUpClass()[pri:0, instance:Runners.TestRunners@3498ed]" name="setUpClass" is-config="true" duration-ms="622" started-at="2020-12-08T15:51:57Z" finished-at="2020-12-08T15:51:57Z">
          <reporter-output>
          </reporter-output>
        </test-method> <!-- setUpClass -->
        <test-method status="PASS" signature="feature(cucumber.api.testng.CucumberFeatureWrapper)[pri:0, instance:Runners.TestRunners@3498ed]" name="feature" duration-ms="25511" started-at="2020-12-08T15:51:57Z" description="Runs Cucumber Feature" data-provider="features" finished-at="2020-12-08T15:52:23Z">
          <params>
            <param index="0">
              <value>
                <![CDATA[Login Action]]>
              </value>
            </param>
          </params>
          <reporter-output>
          </reporter-output>
        </test-method> <!-- feature -->
        <test-method status="PASS" signature="tearDownClass()[pri:0, instance:Runners.TestRunners@3498ed]" name="tearDownClass" is-config="true" duration-ms="283" started-at="2020-12-08T15:52:23Z" finished-at="2020-12-08T15:52:23Z">
          <reporter-output>
          </reporter-output>
        </test-method> <!-- tearDownClass -->
      </class> <!-- Runners.TestRunners -->
    </test> <!-- Default test -->
  </suite> <!-- Default suite -->
</testng-results>
